<?xml version="1.0" encoding="UTF-8"?>
<!-- Generated by org.testng.reporters.JUnitReportReporter -->
<testsuite hostname="win764bit" name="persistent.wordpressautomation.Exceldata" tests="1" failures="0" timestamp="5 Aug 2014 00:25:53 GMT" time="0.624" errors="0">
  <testcase name="GetExceldata" time="0.624" classname="persistent.wordpressautomation.Exceldata"/>
</testsuite> <!-- persistent.wordpressautomation.Exceldata -->
